c:\users\w\desktop\personal health management assistant\personal.a5645c3d\x64\debug\vc145.pdb
c:\users\w\desktop\personal health management assistant\personal.a5645c3d\x64\debug\vc145.idb
c:\users\w\desktop\personal health management assistant\personal.a5645c3d\x64\debug\vitalsigns.obj
c:\users\w\desktop\personal health management assistant\personal.a5645c3d\x64\debug\usermanager.obj
c:\users\w\desktop\personal health management assistant\personal.a5645c3d\x64\debug\user.obj
c:\users\w\desktop\personal health management assistant\personal.a5645c3d\x64\debug\time.obj
c:\users\w\desktop\personal health management assistant\personal.a5645c3d\x64\debug\sport.obj
c:\users\w\desktop\personal health management assistant\personal.a5645c3d\x64\debug\sleep.obj
c:\users\w\desktop\personal health management assistant\personal.a5645c3d\x64\debug\recordbase.obj
c:\users\w\desktop\personal health management assistant\personal.a5645c3d\x64\debug\main.obj
c:\users\w\desktop\personal health management assistant\personal.a5645c3d\x64\debug\lifestyle.obj
c:\users\w\desktop\personal health management assistant\personal.a5645c3d\x64\debug\healthanalyzer.obj
c:\users\w\desktop\personal health management assistant\personal.a5645c3d\x64\debug\goalmanager.obj
c:\users\w\desktop\personal health management assistant\personal.a5645c3d\x64\debug\filemanager.obj
c:\users\w\desktop\personal health management assistant\personal.a5645c3d\x64\debug\diet.obj
c:\users\w\desktop\personal health management assistant\personal.a5645c3d\x64\debug\personal health management assistant.ilk
c:\users\w\desktop\personal health management assistant\x64\debug\personal health management assistant.pdb
c:\users\w\desktop\personal health management assistant\x64\debug\personal health management assistant.exe
c:\users\w\desktop\personal health management assistant\personal.a5645c3d\x64\debug\personal.a5645c3d.tlog\cl.command.1.tlog
c:\users\w\desktop\personal health management assistant\personal.a5645c3d\x64\debug\personal.a5645c3d.tlog\cl.items.tlog
c:\users\w\desktop\personal health management assistant\personal.a5645c3d\x64\debug\personal.a5645c3d.tlog\cl.read.1.tlog
c:\users\w\desktop\personal health management assistant\personal.a5645c3d\x64\debug\personal.a5645c3d.tlog\cl.write.1.tlog
c:\users\w\desktop\personal health management assistant\personal.a5645c3d\x64\debug\personal.a5645c3d.tlog\link.command.1.tlog
c:\users\w\desktop\personal health management assistant\personal.a5645c3d\x64\debug\personal.a5645c3d.tlog\link.read.1.tlog
c:\users\w\desktop\personal health management assistant\personal.a5645c3d\x64\debug\personal.a5645c3d.tlog\link.secondary.1.tlog
c:\users\w\desktop\personal health management assistant\personal.a5645c3d\x64\debug\personal.a5645c3d.tlog\link.write.1.tlog
